<?xml version="1.0" encoding="UTF-8"?>
<!-- Generated by org.testng.reporters.JUnitReportReporter -->
<testsuite hostname="WPUPU00160LA" name="com.orangehr.OrangeHR_Login_TestNG_Ex" tests="1" failures="0" timestamp="14 Apr 2021 05:21:20 GMT" time="33.405" errors="0">
  <testcase name="LoginTest" time="33.405" classname="com.orangehr.OrangeHR_Login_TestNG_Ex"/>
</testsuite> <!-- com.orangehr.OrangeHR_Login_TestNG_Ex -->
